r89
  +empty_dir: trunk/_eric4project
  +file_prop: trunk/monkey_off_16x16.png svn:mime-type application/octet-stream
  +file_prop: trunk/monkey_on_16x16.png svn:mime-type application/octet-stream
r96
  -empty_dir: trunk/.project
  -empty_dir: trunk/.pydevproject
  -empty_dir: trunk/PDFIndexer.py
  -empty_dir: trunk/Streamfs.e4p
  -empty_dir: trunk/__init__.py
  -empty_dir: trunk/fs.ui
  -empty_dir: trunk/fsgui.py
  -empty_dir: trunk/fsicons
  -empty_dir: trunk/icons_resource.py
  -empty_dir: trunk/image_server.py
  -empty_dir: trunk/monkey_off_16x16.png
  -empty_dir: trunk/monkey_on_16x16.png
  -empty_dir: trunk/ovalscanner.py
  -empty_dir: trunk/server_stats.py
  -empty_dir: trunk/setup.py
  -empty_dir: trunk/streamFS.ui
  -empty_dir: trunk/streamFSGUI.py
  -empty_dir: trunk/streamFSGUI2.py
  -empty_dir: trunk/streamFSInterface.py
  -empty_dir: trunk/vixcom.cs
  -empty_dir: trunk/vixinterface.c
  -empty_dir: trunk/xccdfscanner.py
r97
  -empty_dir: trunk/_eric4project
